mode: set
go.mod/service/service.go:25.60,28.16 2 1
go.mod/service/service.go:33.2,35.32 2 1
go.mod/service/service.go:38.2,38.19 1 1
go.mod/service/service.go:28.16,30.3 1 1
go.mod/service/service.go:35.32,37.3 1 1
go.mod/service/service.go:41.69,44.16 2 1
go.mod/service/service.go:47.2,47.18 1 1
go.mod/service/service.go:44.16,46.3 1 0
go.mod/service/service.go:50.63,53.16 2 1
go.mod/service/service.go:57.2,62.33 2 1
go.mod/service/service.go:53.16,55.3 1 0
go.mod/service/service.go:65.85,68.16 2 1
go.mod/service/service.go:73.2,76.37 2 1
go.mod/service/service.go:80.2,87.25 3 1
go.mod/service/service.go:68.16,70.3 1 0
go.mod/service/service.go:76.37,78.3 1 1
go.mod/service/service.go:91.84,97.2 1 1
go.mod/repository/userlocalstorage.go:22.74,25.2 2 1
go.mod/repository/userlocalstorage.go:28.74,29.31 1 1
go.mod/repository/userlocalstorage.go:34.2,34.46 1 1
go.mod/repository/userlocalstorage.go:29.31,30.32 1 1
go.mod/repository/userlocalstorage.go:30.32,32.4 1 1
go.mod/repository/userlocalstorage.go:38.69,44.2 2 1
go.mod/repository/userlocalstorage.go:47.69,53.2 2 1
go.mod/repository/userlocalstorage.go:56.46,60.2 1 1
go.mod/handler/handler.go:25.77,28.16 2 1
go.mod/handler/handler.go:35.2,37.16 2 1
go.mod/handler/handler.go:43.2,47.20 3 1
go.mod/handler/handler.go:28.16,32.3 3 1
go.mod/handler/handler.go:37.16,41.3 3 0
go.mod/handler/handler.go:51.73,57.16 3 1
go.mod/handler/handler.go:63.2,64.16 2 1
go.mod/handler/handler.go:71.2,75.20 3 1
go.mod/handler/handler.go:57.16,60.3 1 0
go.mod/handler/handler.go:64.16,69.3 2 0
go.mod/handler/handler.go:78.76,87.16 4 0
go.mod/handler/handler.go:92.2,94.20 2 0
go.mod/handler/handler.go:87.16,90.3 2 0
go.mod/handler/handler.go:97.76,106.16 4 0
go.mod/handler/handler.go:115.2,119.16 3 0
go.mod/handler/handler.go:128.2,130.41 2 0
go.mod/handler/handler.go:106.16,112.3 3 0
go.mod/handler/handler.go:119.16,125.3 3 0
go.mod/handler/handler.go:133.79,138.9 2 0
go.mod/handler/handler.go:139.43,141.9 2 0
go.mod/handler/handler.go:142.43,143.18 1 0
go.mod/handler/handler.go:144.43,146.9 2 0
go.mod/handler/handler.go:147.44,149.9 2 0
go.mod/handler/handler.go:150.10,154.9 3 0
go.mod/handler/handler.go:159.62,161.2 1 1
