mode: set
go.mod/repository/userlocalstorage.go:22.65,25.2 2 1
go.mod/repository/userlocalstorage.go:28.74,29.31 1 1
go.mod/repository/userlocalstorage.go:34.2,34.46 1 1
go.mod/repository/userlocalstorage.go:29.31,30.32 1 1
go.mod/repository/userlocalstorage.go:30.32,32.4 1 1
go.mod/repository/userlocalstorage.go:38.69,44.2 2 1
go.mod/repository/userlocalstorage.go:47.69,53.2 2 1
go.mod/repository/userlocalstorage.go:56.46,60.2 1 1
go.mod/handler/handler.go:25.77,32.16 3 0
go.mod/handler/handler.go:37.2,41.20 3 0
go.mod/handler/handler.go:32.16,35.3 2 0
go.mod/handler/handler.go:45.73,51.16 3 0
go.mod/handler/handler.go:57.2,58.16 2 0
go.mod/handler/handler.go:65.2,69.20 3 0
go.mod/handler/handler.go:51.16,54.3 1 0
go.mod/handler/handler.go:58.16,63.3 2 0
go.mod/handler/handler.go:72.76,81.16 4 0
go.mod/handler/handler.go:86.2,88.20 2 0
go.mod/handler/handler.go:81.16,84.3 2 0
go.mod/handler/handler.go:91.76,100.16 4 0
go.mod/handler/handler.go:109.2,113.16 3 0
go.mod/handler/handler.go:122.2,124.41 2 0
go.mod/handler/handler.go:100.16,106.3 3 0
go.mod/handler/handler.go:113.16,119.3 3 0
go.mod/handler/handler.go:127.79,132.9 2 0
go.mod/handler/handler.go:133.43,135.9 2 0
go.mod/handler/handler.go:136.43,137.18 1 0
go.mod/handler/handler.go:138.43,140.9 2 0
go.mod/handler/handler.go:141.44,143.9 2 0
go.mod/handler/handler.go:144.10,148.9 3 0
go.mod/handler/handler.go:153.62,155.2 1 0
go.mod/service/service.go:25.51,32.32 3 1
go.mod/service/service.go:35.2,35.14 1 1
go.mod/service/service.go:32.32,34.3 1 1
go.mod/service/service.go:38.69,41.16 2 1
go.mod/service/service.go:44.2,44.18 1 1
go.mod/service/service.go:41.16,43.3 1 0
go.mod/service/service.go:47.63,50.16 2 1
go.mod/service/service.go:54.2,59.33 2 1
go.mod/service/service.go:50.16,52.3 1 0
go.mod/service/service.go:62.85,65.16 2 1
go.mod/service/service.go:70.2,73.37 2 1
go.mod/service/service.go:77.2,84.25 3 1
go.mod/service/service.go:65.16,67.3 1 0
go.mod/service/service.go:73.37,75.3 1 1
go.mod/service/service.go:88.84,94.2 1 1
